Started Process at Fri Aug 23 20:25:53 MSD 2013
Started Process at Sat Aug 24 17:48:37 MSD 2013
Started Process at Sat Aug 24 18:37:08 MSD 2013
Started Process at Sun Aug 25 21:45:02 MSD 2013
Started Process at Mon Aug 26 09:00:01 MSD 2013
Started Process at Mon Aug 26 18:25:01 MSD 2013
Started Process at Tue Aug 27 10:25:01 CDT 2013
Started Process at Wed Aug 28 02:15:01 CDT 2013
Started Process at Wed Aug 28 10:05:01 CDT 2013
Started Process at Wed Aug 28 10:40:01 CDT 2013
Started Process at Thu Aug 29 10:35:01 CDT 2013
Started Process at Thu Aug 29 11:40:01 CDT 2013
Started Process at Fri Aug 30 08:30:01 CDT 2013
Started Process at Sat Aug 31 11:30:01 CDT 2013
Started Process at Sun Sep  1 04:20:01 CDT 2013
Started Process at Mon Sep  2 09:55:01 CDT 2013
Started Process at Tue Sep  3 11:25:01 CDT 2013
Started Process at Wed Sep  4 09:45:01 CDT 2013
Started Process at Wed Sep  4 12:55:01 CDT 2013
Started Process at Wed Sep  4 14:10:02 CDT 2013
Started Process at Thu Sep  5 08:55:01 CDT 2013
Started Process at Thu Sep  5 14:30:01 CDT 2013
Started Process at Fri Sep  6 10:05:01 CDT 2013
Started Process at Sat Sep  7 18:05:01 CDT 2013
Started Process at Sun Sep  8 07:20:01 CDT 2013
Started Process at Sun Sep  8 09:40:01 CDT 2013
Started Process at Sun Sep  8 15:40:01 CDT 2013
Started Process at Sun Sep  8 16:00:01 CDT 2013
Started Process at Sun Sep  8 17:55:01 CDT 2013
Started Process at Tue Sep 10 15:35:01 CDT 2013
Started Process at Tue Sep 10 16:00:01 CDT 2013
Started Process at Tue Sep 10 18:15:01 CDT 2013
Started Process at Wed Sep 11 16:30:01 CDT 2013
Started Process at Fri Sep 13 12:55:01 CDT 2013
Started Process at Sat Sep 14 07:50:01 CDT 2013
Started Process at Sat Sep 14 10:55:01 CDT 2013
Started Process at Sat Sep 14 17:00:01 CDT 2013
Started Process at Sat Sep 14 18:20:01 CDT 2013
Started Process at Sun Sep 15 08:45:01 CDT 2013
Started Process at Mon Sep 16 09:15:01 CDT 2013
Started Process at Tue Sep 17 08:25:01 CDT 2013
Started Process at Tue Sep 17 12:30:01 CDT 2013
Started Process at Wed Sep 18 21:25:01 CDT 2013
Started Process at Thu Sep 19 08:35:01 CDT 2013
Started Process at Fri Sep 20 09:25:01 CDT 2013
Started Process at Fri Sep 20 09:35:01 CDT 2013
Started Process at Fri Sep 20 12:50:01 CDT 2013
Started Process at Fri Sep 20 12:55:01 CDT 2013
Started Process at Fri Sep 20 13:00:01 CDT 2013
Started Process at Fri Sep 20 13:05:01 CDT 2013
Started Process at Fri Sep 20 13:10:01 CDT 2013
Started Process at Fri Sep 20 13:15:01 CDT 2013
Started Process at Fri Sep 20 13:20:01 CDT 2013
Started Process at Fri Sep 20 13:25:01 CDT 2013
Started Process at Fri Sep 20 13:55:01 CDT 2013
Started Process at Fri Sep 20 14:40:01 CDT 2013
Started Process at Sun Sep 22 20:25:01 CDT 2013
Started Process at Sun Sep 22 20:28:01 CDT 2013
Started Process at Sun Sep 22 20:47:01 CDT 2013
Started Process at Sun Sep 22 22:51:01 CDT 2013
Started Process at Sun Sep 22 22:52:01 CDT 2013
Started Process at Sun Sep 22 22:55:01 CDT 2013
Started Process at Sun Sep 22 23:03:01 CDT 2013
Started Process at Mon Sep 23 11:00:01 CDT 2013
Started Process at Mon Sep 23 11:46:01 CDT 2013
Started Process at Mon Sep 23 13:48:01 CDT 2013
Started Process at Mon Sep 23 13:49:01 CDT 2013
Started Process at Mon Sep 23 13:52:01 CDT 2013
Started Process at Mon Sep 23 17:41:01 CDT 2013
Started Process at Mon Sep 23 19:45:01 CDT 2013
Started Process at Tue Sep 24 08:54:01 CDT 2013
Started Process at Tue Sep 24 09:40:01 CDT 2013
Started Process at Tue Sep 24 11:38:01 CDT 2013
Started Process at Wed Sep 25 19:41:01 CDT 2013
Started Process at Thu Sep 26 14:16:01 CDT 2013
Started Process at Sat Sep 28 16:43:01 CDT 2013
Started Process at Sat Sep 28 16:51:01 CDT 2013
Started Process at Sat Sep 28 17:33:01 CDT 2013
Started Process at Sat Sep 28 18:06:01 CDT 2013
Started Process at Mon Sep 30 17:47:01 CDT 2013
Started Process at Mon Sep 30 18:14:01 CDT 2013
Started Process at Tue Oct  1 09:01:01 CDT 2013
Started Process at Tue Oct  1 09:04:01 CDT 2013
Started Process at Tue Oct  1 13:56:01 CDT 2013
Started Process at Thu Oct  3 12:41:01 CDT 2013
Started Process at Sat Oct  5 01:11:01 CDT 2013
Started Process at Sat Oct  5 01:33:01 CDT 2013
Started Process at Mon Oct  7 08:40:01 CDT 2013
Started Process at Mon Oct  7 11:02:01 CDT 2013
Started Process at Mon Oct  7 14:54:01 CDT 2013
Started Process at Mon Oct  7 16:05:01 CDT 2013
Started Process at Tue Oct  8 09:14:01 CDT 2013
Started Process at Mon Oct 21 01:01:03 CDT 2013
Started Process at Mon Oct 21 03:22:33 CDT 2013
Started Process at Mon Oct 21 06:30:29 CDT 2013
Started Process at Mon Oct 21 10:35:29 CDT 2013
Started Process at Mon Oct 21 11:35:02 CDT 2013
Started Process at Mon Oct 21 19:22:01 CDT 2013
Started Process at Wed Oct 23 14:06:01 CDT 2013
Started Process at Thu Oct 24 09:22:01 CDT 2013
Started Process at Thu Oct 24 13:23:01 CDT 2013
Started Process at Sun Oct 27 14:37:03 CDT 2013
Started Process at Mon Nov  4 01:20:05 CST 2013
Started Process at Mon Nov  4 18:36:01 CST 2013
Started Process at Wed Nov 13 03:52:26 CST 2013
Started Process at Wed Nov 13 04:09:01 CST 2013
Started Process at Wed Nov 13 04:25:01 CST 2013
Started Process at Wed Nov 13 04:41:01 CST 2013
Started Process at Wed Nov 13 04:57:01 CST 2013
Started Process at Wed Nov 13 05:13:01 CST 2013
Started Process at Wed Nov 13 05:29:01 CST 2013
Started Process at Wed Nov 13 05:46:01 CST 2013
Started Process at Wed Nov 13 06:03:01 CST 2013
Started Process at Wed Nov 13 06:19:01 CST 2013
Started Process at Wed Nov 13 06:35:01 CST 2013
Started Process at Wed Nov 13 06:51:01 CST 2013
Started Process at Wed Nov 13 07:10:01 CST 2013
Started Process at Wed Nov 13 07:27:01 CST 2013
Started Process at Wed Nov 13 07:43:01 CST 2013
Started Process at Wed Nov 13 07:59:01 CST 2013
Started Process at Wed Nov 13 08:18:01 CST 2013
Started Process at Wed Nov 13 08:34:01 CST 2013
Started Process at Wed Nov 13 08:50:01 CST 2013
Started Process at Wed Nov 13 09:09:01 CST 2013
Started Process at Wed Nov 13 09:25:01 CST 2013
Started Process at Wed Nov 13 09:41:01 CST 2013
Started Process at Wed Nov 13 09:57:01 CST 2013
Started Process at Wed Nov 13 10:14:01 CST 2013
Started Process at Wed Nov 13 10:30:01 CST 2013
Started Process at Wed Nov 13 10:49:01 CST 2013
Started Process at Wed Nov 13 11:05:01 CST 2013
Started Process at Wed Nov 13 11:21:01 CST 2013
Started Process at Wed Nov 13 11:37:01 CST 2013
Started Process at Wed Nov 13 11:53:01 CST 2013
Started Process at Wed Nov 13 12:09:01 CST 2013
Started Process at Wed Nov 13 12:28:01 CST 2013
Started Process at Wed Nov 20 12:01:01 CST 2013
Started Process at Thu Nov 21 12:51:01 CST 2013
Started Process at Thu Nov 21 12:55:01 CST 2013
Started Process at Fri Nov 22 18:26:01 CST 2013
Started Process at Sun Nov 24 20:37:01 CST 2013
Started Process at Sun Nov 24 21:06:01 CST 2013
Started Process at Mon Nov 25 11:34:01 CST 2013
Started Process at Tue Nov 26 11:56:01 CST 2013
Started Process at Tue Nov 26 12:09:01 CST 2013
Started Process at Tue Nov 26 12:28:01 CST 2013
Started Process at Tue Nov 26 14:44:01 CST 2013
Started Process at Tue Nov 26 16:10:01 CST 2013
Started Process at Tue Nov 26 20:45:01 CST 2013
Started Process at Wed Nov 27 05:03:01 CST 2013
Started Process at Wed Nov 27 06:48:01 CST 2013
Started Process at Wed Nov 27 07:02:01 CST 2013
Started Process at Wed Nov 27 07:05:01 CST 2013
Started Process at Wed Nov 27 07:07:01 CST 2013
Started Process at Wed Nov 27 07:13:01 CST 2013
Started Process at Wed Nov 27 07:15:01 CST 2013
Started Process at Wed Nov 27 07:18:01 CST 2013
Started Process at Wed Nov 27 07:20:01 CST 2013
Started Process at Wed Nov 27 07:21:01 CST 2013
Started Process at Wed Nov 27 07:22:01 CST 2013
Started Process at Wed Nov 27 07:35:01 CST 2013
Started Process at Wed Nov 27 07:40:01 CST 2013
Started Process at Wed Nov 27 07:42:01 CST 2013
Started Process at Wed Nov 27 07:45:01 CST 2013
Started Process at Wed Nov 27 07:47:01 CST 2013
Started Process at Wed Nov 27 07:56:01 CST 2013
Started Process at Wed Nov 27 07:57:01 CST 2013
Started Process at Wed Nov 27 07:58:01 CST 2013
Started Process at Wed Nov 27 08:00:01 CST 2013
Started Process at Wed Nov 27 08:09:01 CST 2013
Started Process at Wed Nov 27 08:13:01 CST 2013
Started Process at Wed Nov 27 09:18:01 CST 2013
Started Process at Fri Nov 29 10:49:01 CST 2013
Started Process at Sat Nov 30 19:06:09 CST 2013
Started Process at Sun Dec  1 12:11:01 CST 2013
Started Process at Mon Dec  2 09:10:02 CST 2013
Started Process at Mon Dec  2 13:38:01 CST 2013
Started Process at Mon Dec  2 20:12:01 CST 2013
Started Process at Tue Dec  3 13:09:01 CST 2013
Started Process at Tue Dec  3 15:38:01 CST 2013
Started Process at Tue Dec  3 15:39:01 CST 2013
Started Process at Tue Dec  3 15:40:02 CST 2013
Started Process at Thu Dec  5 11:27:01 CST 2013
Started Process at Fri Dec  6 09:00:01 CST 2013
Started Process at Fri Dec  6 09:26:01 CST 2013
Started Process at Fri Dec  6 09:32:01 CST 2013
Started Process at Sat Dec  7 08:57:01 CST 2013
Started Process at Sat Dec  7 09:02:01 CST 2013
Started Process at Sat Dec  7 09:36:01 CST 2013
Started Process at Sat Dec  7 09:37:01 CST 2013
Started Process at Sat Dec  7 09:38:01 CST 2013
Started Process at Sat Dec  7 09:39:01 CST 2013
Started Process at Wed Dec 11 11:50:01 CST 2013
Started Process at Wed Dec 11 14:53:01 CST 2013
Started Process at Thu Dec 12 15:52:01 CST 2013
Started Process at Fri Dec 13 12:03:01 CST 2013
Started Process at Fri Dec 13 12:07:01 CST 2013
Started Process at Fri Dec 13 12:09:01 CST 2013
Started Process at Fri Dec 13 17:55:01 CST 2013
Started Process at Tue Dec 17 07:57:01 CST 2013
Started Process at Tue Dec 17 08:14:01 CST 2013
Started Process at Tue Dec 17 19:45:01 CST 2013
Started Process at Sun Dec 22 12:57:03 CST 2013
Started Process at Mon Dec 23 10:04:01 CST 2013
Started Process at Mon Dec 23 11:07:01 CST 2013
Started Process at Mon Dec 23 14:55:01 CST 2013
Started Process at Wed Dec 25 10:09:02 CST 2013
Started Process at Wed Dec 25 10:12:01 CST 2013
Started Process at Sun Dec 29 11:40:01 CST 2013
Started Process at Tue Dec 31 14:32:09 CST 2013
Started Process at Tue Dec 31 14:34:01 CST 2013
Started Process at Wed Jan  1 01:32:01 CST 2014
Started Process at Thu Jan  2 12:52:01 CST 2014
Started Process at Thu Jan  2 15:53:01 CST 2014
Started Process at Thu Jan  2 18:34:01 CST 2014
Started Process at Thu Jan  2 18:37:01 CST 2014
Started Process at Thu Jan  2 21:32:01 CST 2014
Started Process at Thu Jan  2 23:48:01 CST 2014
Started Process at Fri Jan  3 10:50:01 CST 2014
Started Process at Fri Jan  3 12:35:01 CST 2014
Started Process at Fri Jan  3 13:09:01 CST 2014
Started Process at Fri Jan  3 13:10:01 CST 2014
Started Process at Fri Jan  3 13:13:01 CST 2014
Started Process at Fri Jan  3 13:20:01 CST 2014
Started Process at Fri Jan  3 13:23:01 CST 2014
Started Process at Fri Jan  3 13:33:01 CST 2014
Started Process at Fri Jan  3 13:34:01 CST 2014
Started Process at Fri Jan  3 13:50:01 CST 2014
Started Process at Fri Jan  3 14:21:01 CST 2014
Started Process at Sun Jan  5 13:07:01 CST 2014
Started Process at Sun Jan  5 15:38:01 CST 2014
Started Process at Mon Jan  6 09:02:01 CST 2014
Started Process at Mon Jan  6 13:20:01 CST 2014
Started Process at Mon Jan  6 13:21:01 CST 2014
Started Process at Tue Jan  7 17:57:01 CST 2014
Started Process at Tue Jan  7 18:00:01 CST 2014
Started Process at Tue Jan  7 18:08:01 CST 2014
Started Process at Wed Jan  8 19:30:01 CST 2014
Started Process at Wed Jan  8 20:01:01 CST 2014
Started Process at Wed Jan  8 22:02:01 CST 2014
Started Process at Thu Jan  9 19:43:01 CST 2014
Started Process at Sun Jan 12 14:03:02 CST 2014
Started Process at Sun Jan 12 14:49:01 CST 2014
Started Process at Mon Jan 13 15:11:01 CST 2014
Started Process at Tue Jan 14 06:11:01 CST 2014
Started Process at Tue Jan 14 12:14:01 CST 2014
Started Process at Tue Jan 14 12:15:01 CST 2014
Started Process at Thu Jan 16 12:41:01 CST 2014
Started Process at Thu Jan 16 13:27:01 CST 2014
Started Process at Thu Jan 16 13:43:01 CST 2014
Started Process at Thu Jan 16 13:49:01 CST 2014
Started Process at Sat Jan 18 12:35:02 CST 2014
Started Process at Sat Jan 18 15:36:01 CST 2014
Started Process at Sun Jan 19 06:17:01 CST 2014
Started Process at Sun Jan 19 14:51:01 CST 2014
Started Process at Wed Jan 22 12:21:01 CST 2014
Started Process at Wed Jan 22 12:23:01 CST 2014
Started Process at Wed Jan 22 12:24:01 CST 2014
Started Process at Wed Jan 22 12:31:01 CST 2014
Started Process at Wed Jan 22 12:38:01 CST 2014
Started Process at Wed Jan 22 13:25:01 CST 2014
Started Process at Wed Jan 22 15:57:01 CST 2014
Started Process at Wed Jan 22 16:06:01 CST 2014
Started Process at Wed Jan 22 16:09:01 CST 2014
Started Process at Wed Jan 22 16:19:01 CST 2014
Started Process at Wed Jan 22 17:20:01 CST 2014
Started Process at Wed Jan 22 18:21:01 CST 2014
Started Process at Wed Jan 22 19:21:01 CST 2014
Started Process at Wed Jan 22 23:27:01 CST 2014
Started Process at Thu Jan 23 10:06:01 CST 2014
Started Process at Thu Jan 23 10:07:01 CST 2014
Started Process at Thu Jan 23 10:49:01 CST 2014
Started Process at Thu Jan 23 12:12:01 CST 2014
Started Process at Thu Jan 23 12:18:01 CST 2014
Started Process at Thu Jan 23 15:57:01 CST 2014
Started Process at Thu Jan 23 17:55:01 CST 2014
Started Process at Thu Jan 23 21:24:01 CST 2014
Started Process at Fri Jan 24 07:39:01 CST 2014
Started Process at Fri Jan 24 07:42:01 CST 2014
Started Process at Fri Jan 24 08:05:01 CST 2014
Started Process at Fri Jan 24 08:06:01 CST 2014
Started Process at Fri Jan 24 18:22:01 CST 2014
Started Process at Fri Jan 24 21:41:01 CST 2014
Started Process at Fri Jan 24 21:42:01 CST 2014
Started Process at Fri Jan 24 22:25:01 CST 2014
Started Process at Sat Jan 25 06:42:01 CST 2014
Started Process at Sat Jan 25 06:54:01 CST 2014
Started Process at Sat Jan 25 07:04:01 CST 2014
Started Process at Sat Jan 25 16:46:01 CST 2014
Started Process at Sat Jan 25 18:03:01 CST 2014
Started Process at Sat Jan 25 18:31:01 CST 2014
Started Process at Sat Jan 25 18:40:02 CST 2014
Started Process at Sat Jan 25 19:03:01 CST 2014
Started Process at Sun Jan 26 05:35:01 CST 2014
Started Process at Sun Jan 26 06:29:01 CST 2014
Started Process at Sun Jan 26 08:25:01 CST 2014
Started Process at Sun Jan 26 11:29:01 CST 2014
Started Process at Sun Jan 26 12:07:02 CST 2014
Started Process at Sun Jan 26 12:31:01 CST 2014
Started Process at Sun Jan 26 12:54:01 CST 2014
Started Process at Sun Jan 26 13:00:01 CST 2014
Started Process at Sun Jan 26 13:02:01 CST 2014
Started Process at Sun Jan 26 13:37:01 CST 2014
Started Process at Sun Jan 26 13:52:01 CST 2014
Started Process at Sun Jan 26 13:57:01 CST 2014
Started Process at Sun Jan 26 13:59:01 CST 2014
Started Process at Sun Jan 26 14:02:01 CST 2014
Started Process at Sun Jan 26 14:07:01 CST 2014
Started Process at Sun Jan 26 14:13:01 CST 2014
Started Process at Sun Jan 26 14:17:01 CST 2014
Started Process at Sun Jan 26 14:20:01 CST 2014
Started Process at Sun Jan 26 14:36:01 CST 2014
Started Process at Sun Jan 26 14:52:01 CST 2014
Started Process at Sun Jan 26 14:54:01 CST 2014
Started Process at Sun Jan 26 16:49:01 CST 2014
Started Process at Sun Jan 26 17:10:01 CST 2014
Started Process at Sun Jan 26 17:16:01 CST 2014
Started Process at Sun Jan 26 17:17:01 CST 2014
Started Process at Sun Jan 26 17:18:02 CST 2014
Started Process at Sun Jan 26 17:22:01 CST 2014
Started Process at Sun Jan 26 17:51:01 CST 2014
Started Process at Sun Jan 26 18:17:01 CST 2014
Started Process at Sun Jan 26 18:18:01 CST 2014
Started Process at Sun Jan 26 19:23:01 CST 2014
Started Process at Mon Jan 27 08:43:01 CST 2014
Started Process at Mon Jan 27 08:54:01 CST 2014
Started Process at Mon Jan 27 16:17:01 CST 2014
Started Process at Mon Jan 27 16:18:01 CST 2014
Started Process at Mon Jan 27 17:23:01 CST 2014
Started Process at Mon Jan 27 19:11:01 CST 2014
Started Process at Mon Jan 27 20:42:01 CST 2014
Started Process at Mon Jan 27 21:23:01 CST 2014
Started Process at Mon Jan 27 22:01:01 CST 2014
Started Process at Mon Jan 27 22:02:01 CST 2014
Started Process at Mon Jan 27 22:33:01 CST 2014
Started Process at Tue Jan 28 01:19:01 CST 2014
Started Process at Tue Jan 28 06:27:01 CST 2014
Started Process at Tue Jan 28 10:03:01 CST 2014
Started Process at Tue Jan 28 10:04:01 CST 2014
Started Process at Tue Jan 28 11:13:01 CST 2014
Started Process at Tue Jan 28 11:14:01 CST 2014
Started Process at Tue Jan 28 11:18:01 CST 2014
Started Process at Tue Jan 28 12:04:01 CST 2014
Started Process at Tue Jan 28 16:09:01 CST 2014
Started Process at Wed Jan 29 14:32:01 CST 2014
Started Process at Fri Feb  7 10:48:26 CST 2014
Started Process at Fri Feb  7 15:54:01 CST 2014
Started Process at Fri Feb  7 16:01:01 CST 2014
Started Process at Fri Feb  7 16:12:01 CST 2014
Started Process at Fri Feb  7 16:24:01 CST 2014
Started Process at Fri Feb  7 23:15:01 CST 2014
Started Process at Fri Feb  7 23:23:01 CST 2014
Started Process at Mon Feb 10 14:22:01 CST 2014
Started Process at Mon Feb 10 17:30:01 CST 2014
Started Process at Tue Feb 11 11:13:01 CST 2014
Started Process at Tue Feb 11 15:01:01 CST 2014
Started Process at Tue Feb 11 15:02:01 CST 2014
Started Process at Tue Feb 11 15:04:01 CST 2014
Started Process at Wed Feb 12 12:21:01 CST 2014
Started Process at Wed Feb 12 12:22:01 CST 2014
Started Process at Wed Feb 12 12:23:01 CST 2014
Started Process at Wed Feb 12 12:24:01 CST 2014
Started Process at Wed Feb 12 12:30:01 CST 2014
Started Process at Wed Feb 12 12:33:01 CST 2014
Started Process at Wed Feb 12 12:47:01 CST 2014
Started Process at Wed Feb 12 12:50:01 CST 2014
Started Process at Wed Feb 12 13:07:01 CST 2014
Started Process at Wed Feb 12 13:13:01 CST 2014
Started Process at Wed Feb 12 14:17:01 CST 2014
Started Process at Wed Feb 12 15:20:01 CST 2014
Started Process at Thu Feb 13 09:39:01 CST 2014
Started Process at Thu Feb 13 10:43:01 CST 2014
Started Process at Thu Feb 13 15:54:01 CST 2014
Started Process at Thu Feb 13 15:56:01 CST 2014
Started Process at Thu Feb 13 17:23:01 CST 2014
Started Process at Fri Feb 14 10:29:01 CST 2014
Started Process at Fri Feb 14 12:31:01 CST 2014
Started Process at Fri Feb 14 12:40:01 CST 2014
Started Process at Fri Feb 14 12:46:01 CST 2014
Started Process at Fri Feb 14 12:52:01 CST 2014
Started Process at Fri Feb 14 12:58:01 CST 2014
Started Process at Fri Feb 14 13:04:01 CST 2014
Started Process at Fri Feb 14 13:10:01 CST 2014
Started Process at Fri Feb 14 13:16:01 CST 2014
Started Process at Fri Feb 14 13:22:01 CST 2014
Started Process at Fri Feb 14 13:28:01 CST 2014
Started Process at Fri Feb 14 13:34:01 CST 2014
Started Process at Fri Feb 14 13:41:01 CST 2014
Started Process at Fri Feb 14 13:47:01 CST 2014
Started Process at Fri Feb 14 13:53:01 CST 2014
Started Process at Fri Feb 14 16:00:01 CST 2014
Started Process at Sun Feb 16 03:20:01 CST 2014
Started Process at Sun Feb 16 14:32:01 CST 2014
Started Process at Sun Feb 16 18:39:01 CST 2014
Started Process at Sun Feb 16 19:21:01 CST 2014
Started Process at Mon Feb 17 07:43:01 CST 2014
Started Process at Tue Feb 18 09:02:01 CST 2014
Started Process at Tue Feb 18 09:25:01 CST 2014
Started Process at Tue Feb 18 09:57:01 CST 2014
Started Process at Tue Feb 18 09:58:01 CST 2014
Started Process at Tue Feb 18 10:14:01 CST 2014
Started Process at Tue Feb 18 10:24:01 CST 2014
Started Process at Tue Feb 18 15:11:01 CST 2014
Started Process at Wed Feb 19 08:51:01 CST 2014
Started Process at Wed Feb 19 08:57:01 CST 2014
Started Process at Wed Feb 19 09:02:01 CST 2014
Started Process at Wed Feb 19 09:05:01 CST 2014
Started Process at Wed Feb 19 09:18:01 CST 2014
Started Process at Wed Feb 19 09:26:01 CST 2014
Started Process at Wed Feb 19 14:37:01 CST 2014
Started Process at Thu Feb 20 12:00:01 CST 2014
Started Process at Thu Feb 20 12:28:01 CST 2014
Started Process at Thu Feb 20 14:42:01 CST 2014
Started Process at Thu Feb 20 16:51:01 CST 2014
Started Process at Fri Feb 21 11:28:01 CST 2014
Started Process at Fri Feb 21 12:00:01 CST 2014
Started Process at Fri Feb 21 13:58:01 CST 2014
Started Process at Fri Feb 21 14:00:01 CST 2014
Started Process at Fri Feb 21 14:01:01 CST 2014
Started Process at Fri Feb 21 14:03:01 CST 2014
Started Process at Fri Feb 21 14:04:01 CST 2014
Started Process at Fri Feb 21 14:05:01 CST 2014
Started Process at Fri Feb 21 14:07:01 CST 2014
Started Process at Fri Feb 21 14:08:01 CST 2014
Started Process at Fri Feb 21 14:12:01 CST 2014
Started Process at Fri Feb 21 14:13:01 CST 2014
Started Process at Fri Feb 21 14:15:01 CST 2014
Started Process at Sun Feb 23 21:32:01 CST 2014
Started Process at Mon Feb 24 09:38:01 CST 2014
Started Process at Mon Feb 24 11:38:01 CST 2014
Started Process at Mon Feb 24 12:10:02 CST 2014
Started Process at Mon Feb 24 12:17:01 CST 2014
Started Process at Mon Feb 24 16:44:01 CST 2014
Started Process at Tue Feb 25 01:10:02 CST 2014
Started Process at Tue Feb 25 13:12:01 CST 2014
Started Process at Tue Feb 25 13:16:01 CST 2014
Started Process at Tue Feb 25 13:19:01 CST 2014
Started Process at Tue Feb 25 13:36:01 CST 2014
Started Process at Tue Feb 25 13:44:01 CST 2014
Started Process at Tue Feb 25 13:46:01 CST 2014
Started Process at Tue Feb 25 13:47:01 CST 2014
Started Process at Tue Feb 25 15:12:01 CST 2014
Started Process at Tue Feb 25 18:38:01 CST 2014
Started Process at Tue Feb 25 18:45:01 CST 2014
Started Process at Tue Feb 25 18:53:01 CST 2014
Started Process at Tue Feb 25 19:05:01 CST 2014
Started Process at Tue Feb 25 19:12:01 CST 2014
Started Process at Tue Feb 25 19:24:01 CST 2014
Started Process at Wed Feb 26 17:23:01 CST 2014
Started Process at Wed Feb 26 17:31:01 CST 2014
Started Process at Wed Feb 26 17:44:01 CST 2014
Started Process at Wed Feb 26 18:04:01 CST 2014
Started Process at Wed Feb 26 18:19:01 CST 2014
Started Process at Wed Feb 26 18:36:01 CST 2014
Started Process at Wed Feb 26 19:12:02 CST 2014
Started Process at Wed Feb 26 19:23:01 CST 2014
Started Process at Wed Feb 26 19:34:01 CST 2014
Started Process at Thu Feb 27 10:07:01 CST 2014
Started Process at Thu Feb 27 14:27:01 CST 2014
Started Process at Thu Feb 27 15:05:01 CST 2014
Started Process at Thu Feb 27 15:08:01 CST 2014
Started Process at Fri Feb 28 10:06:01 CST 2014
Started Process at Fri Feb 28 10:07:01 CST 2014
Started Process at Fri Feb 28 10:09:01 CST 2014
Started Process at Fri Feb 28 10:21:01 CST 2014
Started Process at Fri Feb 28 10:27:01 CST 2014
Started Process at Fri Feb 28 11:32:01 CST 2014
Started Process at Sat Mar  1 19:44:01 CST 2014
Started Process at Sun Mar  2 19:31:01 CST 2014
Started Process at Tue Mar  4 10:10:01 CST 2014
Started Process at Tue Mar  4 10:44:01 CST 2014
Started Process at Tue Mar  4 13:00:01 CST 2014
Started Process at Tue Mar  4 20:14:01 CST 2014
Started Process at Tue Mar  4 20:16:01 CST 2014
Started Process at Tue Mar  4 20:37:01 CST 2014
Started Process at Tue Mar  4 21:15:01 CST 2014
Started Process at Tue Mar  4 22:07:01 CST 2014
Started Process at Tue Mar  4 22:22:01 CST 2014
Started Process at Tue Mar  4 22:29:01 CST 2014
Started Process at Tue Mar  4 22:37:01 CST 2014
Started Process at Wed Mar  5 15:33:01 CST 2014
Started Process at Mon Mar 10 14:09:01 CDT 2014
Started Process at Mon Mar 10 14:44:01 CDT 2014
Started Process at Mon Mar 10 14:45:01 CDT 2014
Started Process at Mon Mar 10 14:52:01 CDT 2014
Started Process at Mon Mar 10 15:39:01 CDT 2014
Started Process at Tue Mar 11 09:46:01 CDT 2014
Started Process at Tue Mar 11 10:08:01 CDT 2014
Started Process at Tue Mar 11 10:09:01 CDT 2014
Started Process at Tue Mar 11 10:12:01 CDT 2014
Started Process at Tue Mar 11 10:13:01 CDT 2014
Started Process at Tue Mar 11 10:18:01 CDT 2014
Started Process at Tue Mar 11 10:40:02 CDT 2014
Started Process at Tue Mar 11 14:30:02 CDT 2014
Started Process at Tue Mar 11 14:31:01 CDT 2014
Started Process at Wed Mar 12 12:42:01 CDT 2014
Started Process at Wed Mar 12 17:00:01 CDT 2014
Started Process at Thu Mar 13 16:54:01 CDT 2014
Started Process at Thu Mar 13 18:27:01 CDT 2014
Started Process at Thu Mar 13 23:00:02 CDT 2014
Started Process at Fri Mar 14 08:30:02 CDT 2014
Started Process at Fri Mar 14 13:48:01 CDT 2014
Started Process at Sat Mar 15 09:01:01 CDT 2014
Started Process at Sat Mar 15 09:58:01 CDT 2014
Started Process at Tue Mar 18 17:08:01 CDT 2014
Started Process at Tue Mar 18 17:09:01 CDT 2014
Started Process at Tue Mar 18 17:12:01 CDT 2014
Started Process at Tue Mar 18 18:51:01 CDT 2014
Started Process at Wed Mar 19 23:04:01 CDT 2014
Started Process at Fri Mar 21 09:04:04 CDT 2014
Started Process at Fri Mar 21 09:09:01 CDT 2014
Started Process at Mon Mar 24 13:30:01 CDT 2014
Started Process at Mon Mar 24 16:32:01 CDT 2014
Started Process at Mon Mar 24 17:44:01 CDT 2014
Started Process at Wed Mar 26 09:24:01 CDT 2014
Started Process at Wed Mar 26 09:39:01 CDT 2014
Started Process at Wed Mar 26 09:55:01 CDT 2014
Started Process at Wed Mar 26 10:11:01 CDT 2014
Started Process at Wed Mar 26 10:27:01 CDT 2014
Started Process at Wed Mar 26 10:41:01 CDT 2014
Started Process at Wed Mar 26 13:00:01 CDT 2014
Started Process at Thu Mar 27 13:36:01 CDT 2014
Started Process at Sun Mar 30 09:06:01 CDT 2014
Started Process at Sun Mar 30 13:58:01 CDT 2014
Started Process at Mon Mar 31 13:20:01 CDT 2014
Started Process at Mon Mar 31 13:22:01 CDT 2014
Started Process at Mon Mar 31 14:14:01 CDT 2014
Started Process at Mon Mar 31 14:50:01 CDT 2014
Started Process at Tue Apr  1 11:41:01 CDT 2014
Started Process at Tue Apr  1 11:42:01 CDT 2014
Started Process at Wed Apr  2 09:00:01 CDT 2014
Started Process at Tue Apr  8 08:40:01 CDT 2014
Started Process at Tue Apr  8 13:11:01 CDT 2014
Started Process at Wed Apr  9 16:21:01 CDT 2014
Started Process at Wed Apr  9 16:46:01 CDT 2014
Started Process at Thu Apr 10 12:56:01 CDT 2014
Started Process at Thu Apr 10 14:25:01 CDT 2014
Started Process at Fri Apr 11 08:48:02 CDT 2014
Started Process at Fri Apr 11 10:04:01 CDT 2014
Started Process at Sat Apr 12 10:01:01 CDT 2014
Started Process at Sat Apr 12 17:41:01 CDT 2014
Started Process at Mon Apr 14 10:47:01 CDT 2014
Started Process at Mon Apr 14 20:31:01 CDT 2014
Started Process at Mon Apr 14 22:33:01 CDT 2014
Started Process at Tue Apr 15 10:32:01 CDT 2014
Started Process at Tue Apr 15 11:11:01 CDT 2014
Started Process at Tue Apr 15 11:33:01 CDT 2014
Started Process at Tue Apr 15 13:05:01 CDT 2014
Started Process at Tue Apr 15 16:19:01 CDT 2014
Started Process at Tue Apr 15 16:26:01 CDT 2014
Started Process at Wed Apr 16 08:54:01 CDT 2014
Started Process at Tue Apr 22 17:38:01 CDT 2014
Started Process at Tue Apr 29 16:39:01 CDT 2014
Started Process at Tue Apr 29 16:48:02 CDT 2014
Started Process at Tue Apr 29 16:59:01 CDT 2014
Started Process at Tue Apr 29 17:06:01 CDT 2014
Started Process at Tue Apr 29 17:30:01 CDT 2014
Started Process at Tue Apr 29 18:02:01 CDT 2014
Started Process at Tue Apr 29 23:08:01 CDT 2014
Started Process at Tue May  6 15:12:16 CDT 2014
Started Process at Mon May 12 16:19:01 CDT 2014
Started Process at Mon May 12 16:48:01 CDT 2014
Started Process at Mon May 12 16:58:01 CDT 2014
Started Process at Mon May 12 17:05:01 CDT 2014
Started Process at Mon May 12 17:14:01 CDT 2014
Started Process at Mon May 12 17:33:01 CDT 2014
Started Process at Tue May 13 14:20:01 CDT 2014
Started Process at Tue May 13 17:02:01 CDT 2014
Started Process at Tue May 13 22:29:01 CDT 2014
Started Process at Tue May 13 22:35:01 CDT 2014
Started Process at Wed May 14 16:18:02 CDT 2014
Started Process at Wed May 14 16:19:01 CDT 2014
Started Process at Thu May 15 15:50:01 CDT 2014
Started Process at Thu May 15 22:56:01 CDT 2014
Started Process at Thu May 15 23:01:01 CDT 2014
Started Process at Thu May 15 23:07:01 CDT 2014
Started Process at Thu May 15 23:12:01 CDT 2014
Started Process at Fri May 16 12:39:01 CDT 2014
Started Process at Fri May 16 14:53:01 CDT 2014
Started Process at Mon May 19 17:16:01 CDT 2014
Started Process at Mon May 19 20:57:01 CDT 2014
Started Process at Mon May 19 21:35:01 CDT 2014
Started Process at Tue May 20 15:46:01 CDT 2014
Started Process at Tue May 20 15:47:01 CDT 2014
Started Process at Tue May 20 15:48:01 CDT 2014
Started Process at Tue May 20 15:49:01 CDT 2014
Started Process at Tue May 20 16:15:02 CDT 2014
Started Process at Tue May 20 16:16:01 CDT 2014
Started Process at Tue May 20 16:17:01 CDT 2014
Started Process at Tue May 20 16:18:01 CDT 2014
Started Process at Tue May 20 16:19:01 CDT 2014
Started Process at Tue May 20 16:20:01 CDT 2014
Started Process at Tue May 20 16:21:01 CDT 2014
Started Process at Tue May 20 16:22:01 CDT 2014
Started Process at Tue May 20 16:23:01 CDT 2014
Started Process at Tue May 20 18:21:01 CDT 2014
Started Process at Tue May 20 18:22:01 CDT 2014
Started Process at Tue May 20 20:40:01 CDT 2014
Started Process at Tue May 20 20:48:01 CDT 2014
Started Process at Tue May 20 20:50:01 CDT 2014
Started Process at Tue May 20 20:56:01 CDT 2014
Started Process at Wed May 21 09:36:01 CDT 2014
Started Process at Fri May 30 18:38:02 CDT 2014
Started Process at Fri May 30 22:10:01 CDT 2014
Started Process at Sat May 31 06:16:01 CDT 2014
Started Process at Sat May 31 06:31:01 CDT 2014
Started Process at Sat May 31 06:41:01 CDT 2014
Started Process at Sun Jun  1 18:36:01 CDT 2014
Started Process at Sun Jun  1 19:04:01 CDT 2014
Started Process at Mon Jun  2 14:00:01 CDT 2014
Started Process at Thu Jun  5 16:00:02 CDT 2014
Started Process at Tue Jun 10 19:53:01 CDT 2014
Started Process at Wed Jun 11 00:11:01 CDT 2014
Started Process at Wed Jun 18 15:12:02 CDT 2014
Started Process at Wed Jun 18 15:13:01 CDT 2014
Started Process at Wed Jun 18 15:16:02 CDT 2014
Started Process at Sun Jun 22 14:32:01 CDT 2014
Started Process at Sat Aug 23 09:22:01 CDT 2014
Started Process at Sun Aug 24 09:03:01 CDT 2014
Started Process at Fri Aug 29 15:21:01 CDT 2014
Started Process at Mon Oct  6 08:46:02 CDT 2014
Started Process at Mon Oct  6 11:23:01 CDT 2014
Started Process at Sun Nov 16 00:41:01 CST 2014
Started Process at Sun Nov 16 09:50:01 CST 2014
Started Process at Sun Nov 16 09:55:01 CST 2014
Started Process at Wed Dec  3 03:21:02 CST 2014
Started Process at Mon Dec  8 11:33:02 CST 2014
